app/build/outputs/logs/manifest-merger-debug-report.txt
-- Merging decision tree log ---
manifest
ADDED from src/main/AndroidManifest.xml:1:1-70:12
	xmlns:android
		ADDED from src/main/AndroidManifest.xml:1:11-69
	package
		ADDED from src/main/AndroidManifest.xml:2:5-66
		INJECTED from src/main/AndroidManifest.xml
		INJECTED from src/main/AndroidManifest.xml
	android:versionName
		ADDED from src/main/AndroidManifest.xml:4:5-30
		INJECTED from src/main/AndroidManifest.xml
		INJECTED from src/main/AndroidManifest.xml
	android:versionCode
		ADDED from src/main/AndroidManifest.xml:3:5-28
		INJECTED from src/main/AndroidManifest.xml
		INJECTED from src/main/AndroidManifest.xml
uses-sdk
ADDED from src/main/AndroidManifest.xml:7:5-9:10
MERGED from [com.android.support:appcompat-v7:21.0.2] AndroidManifest.xml:15:5-42
MERGED from [com.android.support:support-v4:21.0.2] AndroidManifest.xml:15:5-42
MERGED from [Medicus (Lapland-Adventures.neontoproj).google_play_services:google-play-services_lib:unspecified] AndroidManifest.xml:22:5-24:41
	android:targetSdkVersion
		INJECTED from src/main/AndroidManifest.xml
		INJECTED from src/main/AndroidManifest.xml
	android:minSdkVersion
		ADDED from src/main/AndroidManifest.xml:8:8-34
		INJECTED from src/main/AndroidManifest.xml
		INJECTED from src/main/AndroidManifest.xml
application
ADDED from src/main/AndroidManifest.xml:11:5-57:19
MERGED from [com.android.support:appcompat-v7:21.0.2] AndroidManifest.xml:16:5-19
MERGED from [com.android.support:support-v4:21.0.2] AndroidManifest.xml:16:5-19
MERGED from [Medicus (Lapland-Adventures.neontoproj).google_play_services:google-play-services_lib:unspecified] AndroidManifest.xml:26:5-30:19
	android:label
		ADDED from src/main/AndroidManifest.xml:13:9-41
	android:allowBackup
		ADDED from src/main/AndroidManifest.xml:16:9-35
	android:icon
		ADDED from src/main/AndroidManifest.xml:14:9-42
	android:theme
		ADDED from src/main/AndroidManifest.xml:15:9-40
	android:largeHeap
		ADDED from src/main/AndroidManifest.xml:17:9-33
	android:name
		ADDED from src/main/AndroidManifest.xml:12:9-43
activity#com.neonto.exportedByUser_s3789998859554166.Medicus.Screen4Activity
ADDED from src/main/AndroidManifest.xml:20:9-25:20
	android:screenOrientation
		ADDED from src/main/AndroidManifest.xml:24:13-49
	android:label
		ADDED from src/main/AndroidManifest.xml:22:13-36
	android:configChanges
		ADDED from src/main/AndroidManifest.xml:23:13-59
	android:name
		ADDED from src/main/AndroidManifest.xml:21:13-44
activity#com.neonto.exportedByUser_s3789998859554166.Medicus.LoginActivity
ADDED from src/main/AndroidManifest.xml:27:9-36:20
	android:screenOrientation
		ADDED from src/main/AndroidManifest.xml:31:13-49
	android:label
		ADDED from src/main/AndroidManifest.xml:29:13-36
	android:configChanges
		ADDED from src/main/AndroidManifest.xml:30:13-59
	android:name
		ADDED from src/main/AndroidManifest.xml:28:13-42
intent-filter#android.intent.action.MAIN+android.intent.category.LAUNCHER
ADDED from src/main/AndroidManifest.xml:32:13-35:29
action#android.intent.action.MAIN
ADDED from src/main/AndroidManifest.xml:33:17-69
	android:name
		ADDED from src/main/AndroidManifest.xml:33:25-66
category#android.intent.category.LAUNCHER
ADDED from src/main/AndroidManifest.xml:34:17-77
	android:name
		ADDED from src/main/AndroidManifest.xml:34:27-74
activity#com.neonto.exportedByUser_s3789998859554166.Medicus.DetailsActivity
ADDED from src/main/AndroidManifest.xml:38:9-43:20
	android:screenOrientation
		ADDED from src/main/AndroidManifest.xml:42:13-49
	android:label
		ADDED from src/main/AndroidManifest.xml:40:13-36
	android:configChanges
		ADDED from src/main/AndroidManifest.xml:41:13-59
	android:name
		ADDED from src/main/AndroidManifest.xml:39:13-44
activity#com.neonto.exportedByUser_s3789998859554166.Medicus.MedicusbersichtActivity
ADDED from src/main/AndroidManifest.xml:45:9-50:20
	android:screenOrientation
		ADDED from src/main/AndroidManifest.xml:49:13-49
	android:label
		ADDED from src/main/AndroidManifest.xml:47:13-36
	android:configChanges
		ADDED from src/main/AndroidManifest.xml:48:13-59
	android:name
		ADDED from src/main/AndroidManifest.xml:46:13-52
meta-data#com.google.android.maps.v2.API_KEY
ADDED from src/main/AndroidManifest.xml:52:5-55:7
	android:name
		ADDED from src/main/AndroidManifest.xml:53:8-57
	android:value
		ADDED from src/main/AndroidManifest.xml:54:8-31
uses-feature#0x00020000
ADDED from src/main/AndroidManifest.xml:59:5-62:7
	android:required
		ADDED from src/main/AndroidManifest.xml:61:9-32
	android:glEsVersion
		ADDED from src/main/AndroidManifest.xml:60:9-41
uses-permission#android.permission.ACCESS_NETWORK_STATE
ADDED from src/main/AndroidManifest.xml:64:5-79
	android:name
		ADDED from src/main/AndroidManifest.xml:64:22-76
uses-permission#android.permission.ACCESS_COARSE_LOCATION
ADDED from src/main/AndroidManifest.xml:65:5-81
	android:name
		ADDED from src/main/AndroidManifest.xml:65:22-78
uses-permission#android.permission.WRITE_EXTERNAL_STORAGE
ADDED from src/main/AndroidManifest.xml:66:5-81
	android:name
		ADDED from src/main/AndroidManifest.xml:66:22-78
uses-permission#android.permission.ACCESS_FINE_LOCATION
ADDED from src/main/AndroidManifest.xml:67:5-79
	android:name
		ADDED from src/main/AndroidManifest.xml:67:22-76
uses-permission#android.permission.INTERNET
ADDED from src/main/AndroidManifest.xml:68:5-67
	android:name
		ADDED from src/main/AndroidManifest.xml:68:22-64
meta-data#com.google.android.gms.version
ADDED from [Medicus (Lapland-Adventures.neontoproj).google_play_services:google-play-services_lib:unspecified] AndroidManifest.xml:27:9-29:69
	android:name
		ADDED from [Medicus (Lapland-Adventures.neontoproj).google_play_services:google-play-services_lib:unspecified] AndroidManifest.xml:28:13-58
	android:value
		ADDED from [Medicus (Lapland-Adventures.neontoproj).google_play_services:google-play-services_lib:unspecified] AndroidManifest.xml:29:13-66